C51 COMPILER V9.54   MAIN                                                                  07/18/2025 21:55:29 PAGE 1   


C51 COMPILER V9.54, COMPILATION OF MODULE MAIN
OBJECT MODULE PLACED IN .\Objects\main.obj
COMPILER INVOKED BY: D:\KEILC51\C51\BIN\C51.EXE main.c OPTIMIZE(8,SPEED) BROWSE DEBUG OBJECTEXTEND PRINT(.\Listings\main
                    -.lst) TABS(2) OBJECT(.\Objects\main.obj)

line level    source

   1          #include <REGX52.H>
   2          #include "Nixie.h"
   3          #include "Delay.h"
   4          
   5          
   6          
   7          void main()
   8          {
   9   1          while(1)
  10   1          {
  11   2              Nixie(1,5);
  12   2              Nixie(2,2);
  13   2              Nixie(3,0);
  14   2              Nixie(4,1);
  15   2              Nixie(5,3);
  16   2              Nixie(6,1);
  17   2              Nixie(7,4);
  18   2          }
  19   1      }


MODULE INFORMATION:   STATIC OVERLAYABLE
   CODE SIZE        =     64    ----
   CONSTANT SIZE    =   ----    ----
   XDATA SIZE       =   ----    ----
   PDATA SIZE       =   ----    ----
   DATA SIZE        =   ----    ----
   IDATA SIZE       =   ----    ----
   BIT SIZE         =   ----    ----
END OF MODULE INFORMATION.


C51 COMPILATION COMPLETE.  0 WARNING(S),  0 ERROR(S)
