C51 COMPILER V9.54   MAIN                                                                  07/14/2025 18:08:12 PAGE 1   


C51 COMPILER V9.54, COMPILATION OF MODULE MAIN
OBJECT MODULE PLACED IN .\Objects\main.obj
COMPILER INVOKED BY: D:\KEILC51\C51\BIN\C51.EXE main.c OPTIMIZE(8,SPEED) BROWSE DEBUG OBJECTEXTEND PRINT(.\Listings\main
                    -.lst) TABS(2) OBJECT(.\Objects\main.obj)

line level    source

   1          #include <REGX52.H>
   2          
   3          void Delay1ms(unsigned int xms) //…Ë∂®—” ±x∫¡√Î
   4          {
   5   1        unsigned char data i, j;
   6   1        
   7   1        while(xms)
   8   1        {
   9   2          i = 12;
  10   2        j = 169;
  11   2        do
  12   2        {
  13   3          while (--j);
  14   3        } while (--i);
  15   2        
  16   2        xms--;
  17   2        }
  18   1      }
  19          
  20          void main()
  21          {
  22   1      while(1)
  23   1      {
  24   2        P2 = 0xFE;//1111 1110
  25   2        Delay1ms(100);
  26   2        
  27   2        P2 = 0xFD;//1111 1101
  28   2        Delay1ms(100);
  29   2        
  30   2        P2 = 0xFB;//1111 1011
  31   2        Delay1ms(100);
  32   2        
  33   2        P2 = 0xF7;//1111 0111
  34   2        Delay1ms(100);
  35   2        
  36   2        P2 = 0xEF;//1110 1111
  37   2        Delay1ms(100);
  38   2        
  39   2        P2 = 0xDF;//1101 1111
  40   2        Delay1ms(100);
  41   2        
  42   2        P2 = 0xBF;//1011 1111
  43   2        Delay1ms(100);
  44   2        
  45   2        P2 = 0x7F;//0111 1111
  46   2        Delay1ms(100);
  47   2      }
  48   1      }


MODULE INFORMATION:   STATIC OVERLAYABLE
   CODE SIZE        =     74    ----
   CONSTANT SIZE    =   ----    ----
   XDATA SIZE       =   ----    ----
C51 COMPILER V9.54   MAIN                                                                  07/14/2025 18:08:12 PAGE 2   

   PDATA SIZE       =   ----    ----
   DATA SIZE        =   ----    ----
   IDATA SIZE       =   ----    ----
   BIT SIZE         =   ----    ----
END OF MODULE INFORMATION.


C51 COMPILATION COMPLETE.  0 WARNING(S),  0 ERROR(S)
