C51 COMPILER V9.54   MAIIN                                                                 07/15/2025 16:43:34 PAGE 1   


C51 COMPILER V9.54, COMPILATION OF MODULE MAIIN
OBJECT MODULE PLACED IN .\Objects\maiin.obj
COMPILER INVOKED BY: D:\KEILC51\C51\BIN\C51.EXE maiin.c OPTIMIZE(8,SPEED) BROWSE DEBUG OBJECTEXTEND PRINT(.\Listings\mai
                    -in.lst) TABS(2) OBJECT(.\Objects\maiin.obj)

line level    source

   1          #include <REGX52.H>
   2          
   3          void Delay(unsigned int xms)  //延时函数
   4          {
   5   1        unsigned char data i, j;
   6   1        while(xms)
   7   1        {
   8   2          i = 12;
   9   2          j = 169;
  10   2          do
  11   2          {
  12   3            while (--j);
  13   3          } while (--i);
  14   2          xms--;
  15   2        }
  16   1      }
  17          
  18          void main()
  19          {
  20   1        while(1)
  21   1        {
  22   2          if(P3_1 == 0)
  23   2          {
  24   3            Delay(20);//消除按下按键的按键抖动
  25   3            while(P3_1 == 0);
  26   3            Delay(20);//消除松手时的按键抖动
  27   3            
  28   3            P2_0 = ~P2_0;//每次按下按键都会与上一次时的信号相反
  29   3          }
  30   2        }
  31   1      }


MODULE INFORMATION:   STATIC OVERLAYABLE
   CODE SIZE        =     44    ----
   CONSTANT SIZE    =   ----    ----
   XDATA SIZE       =   ----    ----
   PDATA SIZE       =   ----    ----
   DATA SIZE        =   ----    ----
   IDATA SIZE       =   ----    ----
   BIT SIZE         =   ----    ----
END OF MODULE INFORMATION.


C51 COMPILATION COMPLETE.  0 WARNING(S),  0 ERROR(S)
