C51 COMPILER V9.54   MAIN                                                                  07/15/2025 17:17:21 PAGE 1   


C51 COMPILER V9.54, COMPILATION OF MODULE MAIN
OBJECT MODULE PLACED IN .\Objects\main.obj
COMPILER INVOKED BY: D:\KEILC51\C51\BIN\C51.EXE main.c OPTIMIZE(8,SPEED) BROWSE DEBUG OBJECTEXTEND PRINT(.\Listings\main
                    -.lst) TABS(2) OBJECT(.\Objects\main.obj)

line level    source

   1          #include <REGX52.H>
   2          
   3          void Delay(unsigned int xms)  
   4          {
   5   1        unsigned char data i, j;
   6   1        
   7   1        while(xms)
   8   1        {
   9   2          i = 12;
  10   2          j = 169;
  11   2          do
  12   2          {
  13   3            while (--j);
  14   3          } while (--i);
  15   2          xms--;
  16   2        }
  17   1        
  18   1      }
  19          
  20          void main()
  21          {
  22   1        unsigned char LEDnum = 0;//使用LEDnum = 0是标准的写法
  23   1        //直接写二进制0000 0000在标准c中是不合法的
  24   1        
  25   1        while(1)
  26   1        {
  27   2          if(P3_1 == 0)
  28   2          {
  29   3            Delay(20);
  30   3            while(P3_1 == 0);
  31   3            Delay(20);
  32   3            
  33   3            LEDnum++;
  34   3            P2 = ~LEDnum;
  35   3          }
  36   2        }
  37   1      }


MODULE INFORMATION:   STATIC OVERLAYABLE
   CODE SIZE        =     49    ----
   CONSTANT SIZE    =   ----    ----
   XDATA SIZE       =   ----    ----
   PDATA SIZE       =   ----    ----
   DATA SIZE        =   ----    ----
   IDATA SIZE       =   ----    ----
   BIT SIZE         =   ----    ----
END OF MODULE INFORMATION.


C51 COMPILATION COMPLETE.  0 WARNING(S),  0 ERROR(S)
