C51 COMPILER V9.54   MIAN                                                                  07/14/2025 17:27:30 PAGE 1   


C51 COMPILER V9.54, COMPILATION OF MODULE MIAN
OBJECT MODULE PLACED IN .\Objects\mian.obj
COMPILER INVOKED BY: D:\KEILC51\C51\BIN\C51.EXE mian.c OPTIMIZE(8,SPEED) BROWSE DEBUG OBJECTEXTEND PRINT(.\Listings\mian
                    -.lst) TABS(2) OBJECT(.\Objects\mian.obj)

line level    source

   1          #include <REGX52.H>
   2          
   3          void Delay200ms(void) //@12.000MHz
   4          {
   5   1        unsigned char data i, j, k;
   6   1      
   7   1        i = 10;
   8   1        j = 31;
   9   1        k = 147;
  10   1        do
  11   1        {
  12   2          do
  13   2          {
  14   3            while (--k);
  15   3          } while (--j);
  16   2        } while (--i);
  17   1      }
  18          
  19          void main()
  20          {
  21   1        while(1)
  22   1        {
  23   2          P2 = 0xFE;//1111 1110
  24   2          Delay200ms();
  25   2          
  26   2          P2 = 0xFD;//1111 1101
  27   2          Delay200ms();
  28   2          
  29   2          P2 = 0xFB;//1111 1011
  30   2          Delay200ms();
  31   2          
  32   2          P2 = 0xF7;//1111 0111
  33   2          Delay200ms();
  34   2          
  35   2          P2 = 0xEF;//1110 1111
  36   2          Delay200ms();
  37   2          
  38   2          P2 = 0xDF;//1101 1111
  39   2          Delay200ms();
  40   2          
  41   2          P2 = 0xBF;//1011 1111
  42   2          Delay200ms();
  43   2          
  44   2          P2 = 0x7F;//0111 1111
  45   2          Delay200ms();
  46   2        }
  47   1      }


MODULE INFORMATION:   STATIC OVERLAYABLE
   CODE SIZE        =     63    ----
   CONSTANT SIZE    =   ----    ----
   XDATA SIZE       =   ----    ----
   PDATA SIZE       =   ----    ----
C51 COMPILER V9.54   MIAN                                                                  07/14/2025 17:27:30 PAGE 2   

   DATA SIZE        =   ----    ----
   IDATA SIZE       =   ----    ----
   BIT SIZE         =   ----    ----
END OF MODULE INFORMATION.


C51 COMPILATION COMPLETE.  0 WARNING(S),  0 ERROR(S)
