C51 COMPILER V9.54   MAIN                                                                  07/15/2025 19:37:57 PAGE 1   


C51 COMPILER V9.54, COMPILATION OF MODULE MAIN
OBJECT MODULE PLACED IN .\Objects\main.obj
COMPILER INVOKED BY: D:\KEILC51\C51\BIN\C51.EXE main.c OPTIMIZE(8,SPEED) BROWSE DEBUG OBJECTEXTEND PRINT(.\Listings\main
                    -.lst) TABS(2) OBJECT(.\Objects\main.obj)

line level    source

   1          #include <REGX52.H>
   2          
   3          void Delay(unsigned int xms)  
   4          {
   5   1        unsigned char data i, j;
   6   1        
   7   1        while(xms)
   8   1        {
   9   2          i = 12;
  10   2          j = 169;
  11   2          do
  12   2          {
  13   3            while (--j);
  14   3          } while (--i);
  15   2          xms--;
  16   2        }
  17   1        
  18   1      }
  19          
  20          unsigned char LEDnum = 0;
  21          
  22          void main()
  23          {
  24   1        P2 = 0xFE;//1111 1110
  25   1        while(1)
  26   1        {
  27   2          if(P3_1 == 0)
  28   2          {
  29   3            Delay(20);
  30   3            while(P3_1 == 0);
  31   3            Delay(20);
  32   3            
  33   3            
  34   3            if(LEDnum >= 8)
  35   3            {
  36   4              LEDnum = 0;
  37   4            }
  38   3            else
  39   3            {
  40   4              LEDnum++;
  41   4            }
  42   3            
  43   3            P2 = ~(0x01 << LEDnum);
  44   3          }
  45   2          
  46   2          if(P3_0 == 0)
  47   2          {
  48   3            Delay(20);
  49   3            while(P3_1 == 0);
  50   3            Delay(20);
  51   3            
  52   3            
  53   3            if(LEDnum <= 0)
  54   3            {
C51 COMPILER V9.54   MAIN                                                                  07/15/2025 19:37:57 PAGE 2   

  55   4              LEDnum = 7;
  56   4            }
  57   3            else
  58   3            {
  59   4              LEDnum--;
  60   4            }
  61   3            
  62   3            P2 = ~(0x01 << LEDnum);
  63   3          }
  64   2        }
  65   1      }


MODULE INFORMATION:   STATIC OVERLAYABLE
   CODE SIZE        =    113    ----
   CONSTANT SIZE    =   ----    ----
   XDATA SIZE       =   ----    ----
   PDATA SIZE       =   ----    ----
   DATA SIZE        =      1    ----
   IDATA SIZE       =   ----    ----
   BIT SIZE         =   ----    ----
END OF MODULE INFORMATION.


C51 COMPILATION COMPLETE.  0 WARNING(S),  0 ERROR(S)
