C51 COMPILER V9.54   DELAY                                                                 07/21/2025 18:48:26 PAGE 1   


C51 COMPILER V9.54, COMPILATION OF MODULE DELAY
OBJECT MODULE PLACED IN .\Objects\Delay.obj
COMPILER INVOKED BY: D:\KEILC51\C51\BIN\C51.EXE ..\11-LCD1602µ÷ÊÔ¹¤¾ß\Delay.c OPTIMIZE(8,SPEED) BROWSE DEBUG OBJECTEXTEN
                    -D PRINT(.\Listings\Delay.lst) TABS(2) OBJECT(.\Objects\Delay.obj)

line level    source

   1          #include <INTRINS.H> 
   2          
   3          void Delay(unsigned char xms) //@11.0592MHz
   4          {
   5   1        unsigned char data i, j;
   6   1        while(xms--)
   7   1        {
   8   2          _nop_();
   9   2          _nop_();
  10   2          _nop_();
  11   2          i = 11;
  12   2          j = 190;
  13   2          do
  14   2          {
  15   3            while (--j);
  16   3          } while (--i);
  17   2        }
  18   1      }


MODULE INFORMATION:   STATIC OVERLAYABLE
   CODE SIZE        =     20    ----
   CONSTANT SIZE    =   ----    ----
   XDATA SIZE       =   ----    ----
   PDATA SIZE       =   ----    ----
   DATA SIZE        =   ----    ----
   IDATA SIZE       =   ----    ----
   BIT SIZE         =   ----    ----
END OF MODULE INFORMATION.


C51 COMPILATION COMPLETE.  0 WARNING(S),  0 ERROR(S)
