C51 COMPILER V9.54   MAIN                                                                  07/23/2025 23:05:57 PAGE 1   


C51 COMPILER V9.54, COMPILATION OF MODULE MAIN
OBJECT MODULE PLACED IN .\Objects\main.obj
COMPILER INVOKED BY: D:\KEILC51\C51\BIN\C51.EXE main.c OPTIMIZE(8,SPEED) BROWSE DEBUG OBJECTEXTEND PRINT(.\Listings\main
                    -.lst) TABS(2) OBJECT(.\Objects\main.obj)

line level    source

   1          #include <REGX52.H>
   2          #include "LCD1602.h"
   3          #include "Delay.h"
   4          #include "MatrixKey.h"
   5          
   6          unsigned char KeyNum;
   7          unsigned int Password;
   8          unsigned char count;
   9          
  10          void main()
  11          {
  12   1        LCD_Init();
  13   1        LCD_ShowString(1,1,"Password");
  14   1        while(1)
  15   1        {
  16   2          KeyNum = Matrixkey();
*** WARNING C206 IN LINE 16 OF main.c: 'Matrixkey': missing function-prototype
  17   2          if(KeyNum)
  18   2          {
  19   3            if(KeyNum < 10) //输入密码
  20   3            {
  21   4              if(count <= 3)//限制在4位以内
  22   4                {
  23   5                  Password *= 10;      //密码左移一位
  24   5                  Password += KeyNum;  //获取一位密码
  25   5                  count++;
  26   5                }
  27   4                LCD_ShowNum(2,1,Password,4);//更新显示
  28   4            }
  29   3            
  30   3            if(KeyNum == 11)    //s11按键按下，确认
  31   3              {
  32   4                if(Password == 2345)   //如果密码等于正确密码
  33   4                {
  34   5                  LCD_ShowString(1,13,"ok ");
  35   5                  Password = 0;
  36   5                  count = 0;      //计次清零
  37   5                  LCD_ShowNum(2,1,Password,4);//更新显示
  38   5                }
  39   4                else
  40   4                {
  41   5                  LCD_ShowString(1,13,"err"); 
  42   5                  Password = 0;
  43   5                  count = 0;      //计次清零
  44   5                  LCD_ShowNum(2,1,Password,4);//更新显示
  45   5                }
  46   4              }
  47   3            if(KeyNum ==12)
  48   3            {
  49   4              Password = 0;
  50   4              count = 0;      //计次清零
  51   4              LCD_ShowNum(2,1,Password,4);//更新显示
  52   4              LCD_ShowString(1,13,"   ");
  53   4            }
C51 COMPILER V9.54   MAIN                                                                  07/23/2025 23:05:57 PAGE 2   

  54   3          }
  55   2        }
  56   1      }


MODULE INFORMATION:   STATIC OVERLAYABLE
   CODE SIZE        =    178    ----
   CONSTANT SIZE    =     21    ----
   XDATA SIZE       =   ----    ----
   PDATA SIZE       =   ----    ----
   DATA SIZE        =      4    ----
   IDATA SIZE       =   ----    ----
   BIT SIZE         =   ----    ----
END OF MODULE INFORMATION.


C51 COMPILATION COMPLETE.  1 WARNING(S),  0 ERROR(S)
