C51 COMPILER V9.54   DELAY                                                                 07/18/2025 21:52:48 PAGE 1   


C51 COMPILER V9.54, COMPILATION OF MODULE DELAY
OBJECT MODULE PLACED IN .\Objects\Delay.obj
COMPILER INVOKED BY: D:\KEILC51\C51\BIN\C51.EXE Delay.c OPTIMIZE(8,SPEED) BROWSE DEBUG OBJECTEXTEND PRINT(.\Listings\Del
                    -ay.lst) TABS(2) OBJECT(.\Objects\Delay.obj)

line level    source

   1          //void Delay(unsigned char xms) //∫¡√Î
   2          //{
   3          //    unsigned char data i, j;
   4          //    
   5          //    while(xms--)
   6          //    {
   7          //        i = 12;
   8          //        j = 169;
   9          //        do
  10          //        {
  11          //          while (--j);
  12          //        } while (--i);    
  13          //    }
  14          //}
  15          
  16          #include <INTRINS.H>
  17          
  18          void Delay(unsigned char xus) //Œ¢√Î
  19          {
  20   1          while(xus--)
  21   1          {
  22   2                _nop_();
  23   2                _nop_();
  24   2                _nop_();
  25   2                _nop_();
  26   2          }
  27   1      }
  28          


MODULE INFORMATION:   STATIC OVERLAYABLE
   CODE SIZE        =     13    ----
   CONSTANT SIZE    =   ----    ----
   XDATA SIZE       =   ----    ----
   PDATA SIZE       =   ----    ----
   DATA SIZE        =   ----    ----
   IDATA SIZE       =   ----    ----
   BIT SIZE         =   ----    ----
END OF MODULE INFORMATION.


C51 COMPILATION COMPLETE.  0 WARNING(S),  0 ERROR(S)
