C51 COMPILER V9.54   MAIN                                                                  07/17/2025 21:01:02 PAGE 1   


C51 COMPILER V9.54, COMPILATION OF MODULE MAIN
OBJECT MODULE PLACED IN .\Objects\main.obj
COMPILER INVOKED BY: D:\KEILC51\C51\BIN\C51.EXE main.c OPTIMIZE(8,SPEED) BROWSE DEBUG OBJECTEXTEND PRINT(.\Listings\main
                    -.lst) TABS(2) OBJECT(.\Objects\main.obj)

line level    source

   1          #include <REGX52.H>
   2          
   3          void Delay1ms() 
   4          {
   5   1        unsigned char data i, j;
   6   1      
   7   1        i = 12;
   8   1        j = 169;
   9   1        do
  10   1        {
  11   2          while (--j);
  12   2        } while (--i);
  13   1      }
  14          
  15          void fun(unsigned char location,number)
  16          {
  17   1        unsigned char nixietable[] = {0x3F,0x06,0x5B,0x4F,0x66,0x6D,0x7D,0x07,0x7F,0x6F};
  18   1        switch(location)
  19   1        {
  20   2          case 1:P2_4 = 1; P2_3 = 1; P2_2 = 1;break;
  21   2          case 2:P2_4 = 1; P2_3 = 1; P2_2 = 0;break;
  22   2          case 3:P2_4 = 1; P2_3 = 0; P2_2 = 1;break;
  23   2          case 4:P2_4 = 1; P2_3 = 0; P2_2 = 0;break;
  24   2          case 5:P2_4 = 0; P2_3 = 1; P2_2 = 1;break;
  25   2          case 6:P2_4 = 0; P2_3 = 1; P2_2 = 0;break;
  26   2          case 7:P2_4 = 0; P2_3 = 0; P2_2 = 1;break;
  27   2          case 8:P2_4 = 0; P2_3 = 0; P2_2 = 0;break;
  28   2        }
  29   1        P0 = nixietable[number];
  30   1        Delay1ms();
  31   1        P0 = 0x00;
  32   1      }
  33          
  34          void main()
  35          {
  36   1        while(1)
  37   1        {
  38   2          fun(1,1);
  39   2          fun(2,2);
  40   2          fun(3,3);
  41   2        }
  42   1      }
  43          


MODULE INFORMATION:   STATIC OVERLAYABLE
   CODE SIZE        =    170    ----
   CONSTANT SIZE    =     10    ----
   XDATA SIZE       =   ----    ----
   PDATA SIZE       =   ----    ----
   DATA SIZE        =   ----      13
   IDATA SIZE       =   ----    ----
   BIT SIZE         =   ----    ----
END OF MODULE INFORMATION.

C51 COMPILER V9.54   MAIN                                                                  07/17/2025 21:01:02 PAGE 2   


C51 COMPILATION COMPLETE.  0 WARNING(S),  0 ERROR(S)
